{"/home/jamezjaz/Microverse_Projects/Todo_List_App/tests/createProject.js": {"path":"/home/jamezjaz/Microverse_Projects/Todo_List_App/tests/createProject.js","statementMap":{"0":{"start":{"line":1,"column":19},"end":{"line":3,"column":2}},"1":{"start":{"line":1,"column":38},"end":{"line":3,"column":1}},"2":{"start":{"line":5,"column":20},"end":{"line":9,"column":1}},"3":{"start":{"line":11,"column":22},"end":{"line":15,"column":1}},"4":{"start":{"line":12,"column":23},"end":{"line":12,"column":53}},"5":{"start":{"line":14,"column":2},"end":{"line":14,"column":34}},"6":{"start":{"line":17,"column":0},"end":{"line":17,"column":31}}},"fnMap":{"0":{"name":"(anonymous_0)","decl":{"start":{"line":1,"column":19},"end":{"line":1,"column":20}},"loc":{"start":{"line":1,"column":38},"end":{"line":3,"column":1}},"line":1},"1":{"name":"(anonymous_1)","decl":{"start":{"line":11,"column":22},"end":{"line":11,"column":23}},"loc":{"start":{"line":11,"column":28},"end":{"line":15,"column":1}},"line":11}},"branchMap":{},"s":{"0":1,"1":2,"2":1,"3":1,"4":2,"5":2,"6":1},"f":{"0":2,"1":2},"b":{},"_coverageSchema":"1a1c01bbd47fc00a2c39e90264f33305004495a9","hash":"76cc651ab09b971f73805847bed8171258f5e054"}
,"/home/jamezjaz/Microverse_Projects/Todo_List_App/tests/createTodo.js": {"path":"/home/jamezjaz/Microverse_Projects/Todo_List_App/tests/createTodo.js","statementMap":{"0":{"start":{"line":1,"column":16},"end":{"line":3,"column":2}},"1":{"start":{"line":1,"column":60},"end":{"line":3,"column":1}},"2":{"start":{"line":5,"column":17},"end":{"line":18,"column":1}},"3":{"start":{"line":20,"column":19},"end":{"line":26,"column":1}},"4":{"start":{"line":21,"column":16},"end":{"line":21,"column":36}},"5":{"start":{"line":22,"column":22},"end":{"line":22,"column":48}},"6":{"start":{"line":23,"column":18},"end":{"line":23,"column":40}},"7":{"start":{"line":24,"column":19},"end":{"line":24,"column":42}},"8":{"start":{"line":25,"column":2},"end":{"line":25,"column":56}},"9":{"start":{"line":28,"column":0},"end":{"line":28,"column":28}}},"fnMap":{"0":{"name":"(anonymous_0)","decl":{"start":{"line":1,"column":16},"end":{"line":1,"column":17}},"loc":{"start":{"line":1,"column":60},"end":{"line":3,"column":1}},"line":1},"1":{"name":"(anonymous_1)","decl":{"start":{"line":20,"column":19},"end":{"line":20,"column":20}},"loc":{"start":{"line":20,"column":25},"end":{"line":26,"column":1}},"line":20}},"branchMap":{},"s":{"0":1,"1":11,"2":1,"3":1,"4":11,"5":11,"6":11,"7":11,"8":11,"9":1},"f":{"0":11,"1":11},"b":{},"_coverageSchema":"1a1c01bbd47fc00a2c39e90264f33305004495a9","hash":"48554db27a730b1650015fd242c6d2d3f14ac8e7"}
}
